<?xml version="1.0" encoding="UTF-8"?><testrun name="MemberServiceImplTest" project="grievance" tests="11" started="11" failures="0" errors="1" ignored="0">
  <testsuite name="com.gms.demo.serviceImpl.MemberServiceImplTest" time="0.463" displayname="MemberServiceImplTest" uniqueid="[engine:junit-vintage]/[runner:com.gms.demo.serviceImpl.MemberServiceImplTest]">
    <testcase name="testVerifyEmailAndPasswordInvalidEmail" classname="com.gms.demo.serviceImpl.MemberServiceImplTest" time="0.435" displayname="testVerifyEmailAndPasswordInvalidEmail" uniqueid="[engine:junit-vintage]/[runner:com.gms.demo.serviceImpl.MemberServiceImplTest]/[test:testVerifyEmailAndPasswordInvalidEmail(com.gms.demo.serviceImpl.MemberServiceImplTest)]"/>
    <testcase name="testCreateMember3ValidAdminCredentials" classname="com.gms.demo.serviceImpl.MemberServiceImplTest" time="0.013" displayname="testCreateMember3ValidAdminCredentials" uniqueid="[engine:junit-vintage]/[runner:com.gms.demo.serviceImpl.MemberServiceImplTest]/[test:testCreateMember3ValidAdminCredentials(com.gms.demo.serviceImpl.MemberServiceImplTest)]"/>
    <testcase name="changePasswordFail_Test" classname="com.gms.demo.serviceImpl.MemberServiceImplTest" time="0.003" displayname="changePasswordFail_Test" uniqueid="[engine:junit-vintage]/[runner:com.gms.demo.serviceImpl.MemberServiceImplTest]/[test:changePasswordFail_Test(com.gms.demo.serviceImpl.MemberServiceImplTest)]"/>
    <testcase name="testCreateMember2InvalidAdminCredentials" classname="com.gms.demo.serviceImpl.MemberServiceImplTest" time="0.001" displayname="testCreateMember2InvalidAdminCredentials" uniqueid="[engine:junit-vintage]/[runner:com.gms.demo.serviceImpl.MemberServiceImplTest]/[test:testCreateMember2InvalidAdminCredentials(com.gms.demo.serviceImpl.MemberServiceImplTest)]"/>
    <testcase name="testVerifyEmailAndPasswordValid" classname="com.gms.demo.serviceImpl.MemberServiceImplTest" time="0.001" displayname="testVerifyEmailAndPasswordValid" uniqueid="[engine:junit-vintage]/[runner:com.gms.demo.serviceImpl.MemberServiceImplTest]/[test:testVerifyEmailAndPasswordValid(com.gms.demo.serviceImpl.MemberServiceImplTest)]"/>
    <testcase name="testVerifyEmailAndPasswordInvalidPassword" classname="com.gms.demo.serviceImpl.MemberServiceImplTest" time="0.0" displayname="testVerifyEmailAndPasswordInvalidPassword" uniqueid="[engine:junit-vintage]/[runner:com.gms.demo.serviceImpl.MemberServiceImplTest]/[test:testVerifyEmailAndPasswordInvalidPassword(com.gms.demo.serviceImpl.MemberServiceImplTest)]"/>
    <testcase name="testGetAllMemberAuth" classname="com.gms.demo.serviceImpl.MemberServiceImplTest" time="0.002" displayname="testGetAllMemberAuth" uniqueid="[engine:junit-vintage]/[runner:com.gms.demo.serviceImpl.MemberServiceImplTest]/[test:testGetAllMemberAuth(com.gms.demo.serviceImpl.MemberServiceImplTest)]"/>
    <testcase name="testLoginValidCredentials" classname="com.gms.demo.serviceImpl.MemberServiceImplTest" time="0.002" displayname="testLoginValidCredentials" uniqueid="[engine:junit-vintage]/[runner:com.gms.demo.serviceImpl.MemberServiceImplTest]/[test:testLoginValidCredentials(com.gms.demo.serviceImpl.MemberServiceImplTest)]"/>
    <testcase name="testLoginInvalidCredentials" classname="com.gms.demo.serviceImpl.MemberServiceImplTest" time="0.0" displayname="testLoginInvalidCredentials" uniqueid="[engine:junit-vintage]/[runner:com.gms.demo.serviceImpl.MemberServiceImplTest]/[test:testLoginInvalidCredentials(com.gms.demo.serviceImpl.MemberServiceImplTest)]"/>
    <testcase name="changePassword_Test" classname="com.gms.demo.serviceImpl.MemberServiceImplTest" time="0.001" displayname="changePassword_Test" uniqueid="[engine:junit-vintage]/[runner:com.gms.demo.serviceImpl.MemberServiceImplTest]/[test:changePassword_Test(com.gms.demo.serviceImpl.MemberServiceImplTest)]"/>
  </testsuite>
  <testsuite name="Unrooted Tests" time="0.003" displayname="Unrooted Tests">
    <testcase name="com.gms.demo.serviceImpl.MemberServiceImplTest" classname="com.gms.demo.serviceImpl.MemberServiceImplTest" time="0.003" dynamicTest="true" displayname="unnecessary Mockito stubbings" uniqueid="[engine:junit-vintage]/[runner:com.gms.demo.serviceImpl.MemberServiceImplTest]/[dynamic:unnecessary Mockito stubbings(com.gms.demo.serviceImpl.MemberServiceImplTest)]">
      <error>org.mockito.exceptions.misusing.UnnecessaryStubbingException: 
Unnecessary stubbings detected in test class: MemberServiceImplTest
Clean &amp; maintainable test code requires zero unnecessary code.
Following stubbings are unnecessary (click to navigate to relevant line of code):
  1. -&gt; at com.gms.demo.serviceImpl.MemberServiceImplTest.testGetAllMemberAuth(MemberServiceImplTest.java:166)
Please remove unnecessary stubbings or use 'lenient' strictness. More info: javadoc for UnnecessaryStubbingException class.&#13;
	at org.mockito.internal.runners.StrictRunner.run(StrictRunner.java:49)&#13;
	at org.mockito.junit.MockitoJUnitRunner.run(MockitoJUnitRunner.java:163)&#13;
	at org.junit.runner.JUnitCore.run(JUnitCore.java:137)&#13;
	at org.junit.runner.JUnitCore.run(JUnitCore.java:115)&#13;
	at org.junit.vintage.engine.execution.RunnerExecutor.execute(RunnerExecutor.java:40)&#13;
	at java.base/java.util.stream.ForEachOps$ForEachOp$OfRef.accept(ForEachOps.java:183)&#13;
	at java.base/java.util.stream.ReferencePipeline$3$1.accept(ReferencePipeline.java:197)&#13;
	at java.base/java.util.Iterator.forEachRemaining(Iterator.java:133)&#13;
	at java.base/java.util.Spliterators$IteratorSpliterator.forEachRemaining(Spliterators.java:1845)&#13;
	at java.base/java.util.stream.AbstractPipeline.copyInto(AbstractPipeline.java:509)&#13;
	at java.base/java.util.stream.AbstractPipeline.wrapAndCopyInto(AbstractPipeline.java:499)&#13;
	at java.base/java.util.stream.ForEachOps$ForEachOp.evaluateSequential(ForEachOps.java:150)&#13;
	at java.base/java.util.stream.ForEachOps$ForEachOp$OfRef.evaluateSequential(ForEachOps.java:173)&#13;
	at java.base/java.util.stream.AbstractPipeline.evaluate(AbstractPipeline.java:234)&#13;
	at java.base/java.util.stream.ReferencePipeline.forEach(ReferencePipeline.java:596)&#13;
	at org.junit.vintage.engine.VintageTestEngine.executeAllChildren(VintageTestEngine.java:80)&#13;
	at org.junit.vintage.engine.VintageTestEngine.execute(VintageTestEngine.java:71)&#13;
	at org.junit.platform.launcher.core.DefaultLauncher.execute(DefaultLauncher.java:229)&#13;
	at org.junit.platform.launcher.core.DefaultLauncher.lambda$execute$6(DefaultLauncher.java:197)&#13;
	at org.junit.platform.launcher.core.DefaultLauncher.withInterceptedStreams(DefaultLauncher.java:211)&#13;
	at org.junit.platform.launcher.core.DefaultLauncher.execute(DefaultLauncher.java:191)&#13;
	at org.junit.platform.launcher.core.DefaultLauncher.execute(DefaultLauncher.java:137)&#13;
	at org.eclipse.jdt.internal.junit5.runner.JUnit5TestReference.run(JUnit5TestReference.java:98)&#13;
	at org.eclipse.jdt.internal.junit.runner.TestExecution.run(TestExecution.java:40)&#13;
	at org.eclipse.jdt.internal.junit.runner.RemoteTestRunner.runTests(RemoteTestRunner.java:529)&#13;
	at org.eclipse.jdt.internal.junit.runner.RemoteTestRunner.runTests(RemoteTestRunner.java:756)&#13;
	at org.eclipse.jdt.internal.junit.runner.RemoteTestRunner.run(RemoteTestRunner.java:452)&#13;
	at org.eclipse.jdt.internal.junit.runner.RemoteTestRunner.main(RemoteTestRunner.java:210)&#13;
&#13;
</error>
    </testcase>
  </testsuite>
</testrun>
