<?xml version="1.0" encoding="UTF-8"?>
<testsuite xmlns:xsi="http://www.w3.org/2001/XMLSchema-instance" xsi:noNamespaceSchemaLocation="https://maven.apache.org/surefire/maven-surefire-plugin/xsd/surefire-test-report.xsd" name="com.gms.demo.controller.MemberControllerTest" time="0.288" tests="3" errors="0" skipped="0" failures="0">
  <properties>
[...]
</properties>
  <testcase name="loginfail" classname="com.gms.demo.controller.MemberControllerTest" time="0.251"/>
  <testcase name="createUserTest" classname="com.gms.demo.controller.MemberControllerTest" time="0.005"/>
  <testcase name="loginSuccess" classname="com.gms.demo.controller.MemberControllerTest" time="0.006"/>
</testsuite>